This file contains any messages produced by compilers while
running configure, to aid debugging if configure makes a mistake.

It was created by gnuclad configure HEAD, which was
generated by GNU Autoconf 2.68.  Invocation command line was

  $ ./configure --no-create --no-recursion

## --------- ##
## Platform. ##
## --------- ##

hostname = endurance
uname -m = x86_64
uname -r = 2.6.37.6-0.20-desktop
uname -s = Linux
uname -v = #1 SMP PREEMPT 2011-12-19 23:39:38 +0100

/usr/bin/uname -p = unknown
/bin/uname -X     = unknown

/bin/arch              = x86_64
/usr/bin/arch -k       = unknown
/usr/convex/getsysinfo = unknown
/usr/bin/hostinfo      = unknown
/bin/machine           = unknown
/usr/bin/oslevel       = unknown
/bin/universe          = unknown

PATH: /usr/lib64/mpi/gcc/openmpi/bin
PATH: /home/cs/bin
PATH: /usr/local/bin
PATH: /usr/bin
PATH: /bin
PATH: /usr/bin/X11
PATH: /usr/X11R6/bin
PATH: /usr/games
PATH: /opt/kde3/bin
PATH: /usr/lib64/jvm/jre/bin
PATH: /usr/lib/mit/bin
PATH: /usr/lib/mit/sbin


## ----------- ##
## Core tests. ##
## ----------- ##

configure:1824: checking for a BSD-compatible install
configure:1892: result: /usr/bin/install -c
configure:1903: checking whether build environment is sane
configure:1953: result: yes
configure:1981: WARNING: `missing' script is too old or missing
configure:2094: checking for a thread-safe mkdir -p
configure:2133: result: /bin/mkdir -p
configure:2146: checking for gawk
configure:2162: found /usr/bin/gawk
configure:2173: result: gawk
configure:2184: checking whether make sets $(MAKE)
configure:2206: result: yes
configure:2343: checking for gcc
configure:2359: found /usr/bin/gcc
configure:2370: result: gcc
configure:2599: checking for C compiler version
configure:2608: gcc --version >&5
gcc (SUSE Linux) 4.5.1 20101208 [gcc-4_5-branch revision 167585]
Copyright (C) 2010 Free Software Foundation, Inc.
This is free software; see the source for copying conditions.  There is NO
warranty; not even for MERCHANTABILITY or FITNESS FOR A PARTICULAR PURPOSE.

configure:2619: $? = 0
configure:2608: gcc -v >&5
Using built-in specs.
COLLECT_GCC=gcc
COLLECT_LTO_WRAPPER=/usr/lib64/gcc/x86_64-suse-linux/4.5/lto-wrapper
Target: x86_64-suse-linux
Configured with: ../configure --prefix=/usr --infodir=/usr/share/info --mandir=/usr/share/man --libdir=/usr/lib64 --libexecdir=/usr/lib64 --enable-languages=c,c++,objc,fortran,obj-c++,java,ada --enable-checking=release --with-gxx-include-dir=/usr/include/c++/4.5 --enable-ssp --disable-libssp --disable-plugin --with-bugurl=http://bugs.opensuse.org/ --with-pkgversion='SUSE Linux' --disable-libgcj --disable-libmudflap --with-slibdir=/lib64 --with-system-zlib --enable-__cxa_atexit --enable-libstdcxx-allocator=new --disable-libstdcxx-pch --enable-version-specific-runtime-libs --program-suffix=-4.5 --enable-linux-futex --without-system-libunwind --enable-gold --with-plugin-ld=/usr/bin/gold --with-arch-32=i586 --with-tune=generic --build=x86_64-suse-linux
Thread model: posix
gcc version 4.5.1 20101208 [gcc-4_5-branch revision 167585] (SUSE Linux) 
configure:2619: $? = 0
configure:2608: gcc -V >&5
gcc: '-V' option must have argument
configure:2619: $? = 1
configure:2608: gcc -qversion >&5
gcc: unrecognized option '-qversion'
gcc: no input files
configure:2619: $? = 1
configure:2639: checking whether the C compiler works
configure:2661: gcc    conftest.c  >&5
configure:2665: $? = 0
configure:2713: result: yes
configure:2716: checking for C compiler default output file name
configure:2718: result: a.out
configure:2724: checking for suffix of executables
configure:2731: gcc -o conftest    conftest.c  >&5
configure:2735: $? = 0
configure:2757: result: 
configure:2779: checking whether we are cross compiling
configure:2787: gcc -o conftest    conftest.c  >&5
configure:2791: $? = 0
configure:2798: ./conftest
configure:2802: $? = 0
configure:2817: result: no
configure:2822: checking for suffix of object files
configure:2844: gcc -c   conftest.c >&5
configure:2848: $? = 0
configure:2869: result: o
configure:2873: checking whether we are using the GNU C compiler
configure:2892: gcc -c   conftest.c >&5
configure:2892: $? = 0
configure:2901: result: yes
configure:2910: checking whether gcc accepts -g
configure:2930: gcc -c -g  conftest.c >&5
configure:2930: $? = 0
configure:2971: result: yes
configure:2988: checking for gcc option to accept ISO C89
configure:3052: gcc  -c -g -O2  conftest.c >&5
configure:3052: $? = 0
configure:3065: result: none needed
configure:3096: checking for style of include used by make
configure:3124: result: GNU
configure:3149: checking dependency style of gcc
configure:3259: result: none
configure:3332: checking for g++
configure:3348: found /usr/bin/g++
configure:3359: result: g++
configure:3386: checking for C++ compiler version
configure:3395: g++ --version >&5
g++ (SUSE Linux) 4.5.1 20101208 [gcc-4_5-branch revision 167585]
Copyright (C) 2010 Free Software Foundation, Inc.
This is free software; see the source for copying conditions.  There is NO
warranty; not even for MERCHANTABILITY or FITNESS FOR A PARTICULAR PURPOSE.

configure:3406: $? = 0
configure:3395: g++ -v >&5
Using built-in specs.
COLLECT_GCC=g++
COLLECT_LTO_WRAPPER=/usr/lib64/gcc/x86_64-suse-linux/4.5/lto-wrapper
Target: x86_64-suse-linux
Configured with: ../configure --prefix=/usr --infodir=/usr/share/info --mandir=/usr/share/man --libdir=/usr/lib64 --libexecdir=/usr/lib64 --enable-languages=c,c++,objc,fortran,obj-c++,java,ada --enable-checking=release --with-gxx-include-dir=/usr/include/c++/4.5 --enable-ssp --disable-libssp --disable-plugin --with-bugurl=http://bugs.opensuse.org/ --with-pkgversion='SUSE Linux' --disable-libgcj --disable-libmudflap --with-slibdir=/lib64 --with-system-zlib --enable-__cxa_atexit --enable-libstdcxx-allocator=new --disable-libstdcxx-pch --enable-version-specific-runtime-libs --program-suffix=-4.5 --enable-linux-futex --without-system-libunwind --enable-gold --with-plugin-ld=/usr/bin/gold --with-arch-32=i586 --with-tune=generic --build=x86_64-suse-linux
Thread model: posix
gcc version 4.5.1 20101208 [gcc-4_5-branch revision 167585] (SUSE Linux) 
configure:3406: $? = 0
configure:3395: g++ -V >&5
g++: '-V' option must have argument
configure:3406: $? = 1
configure:3395: g++ -qversion >&5
g++: unrecognized option '-qversion'
g++: no input files
configure:3406: $? = 1
configure:3410: checking whether we are using the GNU C++ compiler
configure:3429: g++ -c   conftest.cpp >&5
configure:3429: $? = 0
configure:3438: result: yes
configure:3447: checking whether g++ accepts -g
configure:3467: g++ -c -g  conftest.cpp >&5
configure:3467: $? = 0
configure:3508: result: yes
configure:3533: checking dependency style of g++
configure:3643: result: none
configure:3794: creating ./config.status

## ---------------- ##
## Cache variables. ##
## ---------------- ##

ac_cv_c_compiler_gnu=yes
ac_cv_cxx_compiler_gnu=yes
ac_cv_env_CCC_set=
ac_cv_env_CCC_value=
ac_cv_env_CC_set=
ac_cv_env_CC_value=
ac_cv_env_CFLAGS_set=
ac_cv_env_CFLAGS_value=
ac_cv_env_CPPFLAGS_set=
ac_cv_env_CPPFLAGS_value=
ac_cv_env_CXXFLAGS_set=
ac_cv_env_CXXFLAGS_value=
ac_cv_env_CXX_set=
ac_cv_env_CXX_value=
ac_cv_env_LDFLAGS_set=
ac_cv_env_LDFLAGS_value=
ac_cv_env_LIBS_set=
ac_cv_env_LIBS_value=
ac_cv_env_build_alias_set=
ac_cv_env_build_alias_value=
ac_cv_env_host_alias_set=
ac_cv_env_host_alias_value=
ac_cv_env_target_alias_set=
ac_cv_env_target_alias_value=
ac_cv_objext=o
ac_cv_path_install='/usr/bin/install -c'
ac_cv_path_mkdir=/bin/mkdir
ac_cv_prog_AWK=gawk
ac_cv_prog_ac_ct_CC=gcc
ac_cv_prog_ac_ct_CXX=g++
ac_cv_prog_cc_c89=
ac_cv_prog_cc_g=yes
ac_cv_prog_cxx_g=yes
ac_cv_prog_make_make_set=yes
am_cv_CC_dependencies_compiler_type=none
am_cv_CXX_dependencies_compiler_type=none

## ----------------- ##
## Output variables. ##
## ----------------- ##

ACLOCAL='aclocal-1.11'
AMDEPBACKSLASH='\'
AMDEP_FALSE='#'
AMDEP_TRUE=''
AMTAR='tar'
AUTOCONF='autoconf'
AUTOHEADER='autoheader'
AUTOMAKE='automake-1.11'
AWK='gawk'
CC='gcc'
CCDEPMODE='depmode=none'
CFLAGS='-g -O2'
CPPFLAGS=''
CXX='g++'
CXXDEPMODE='depmode=none'
CXXFLAGS='-g -O2'
CYGPATH_W='echo'
DEFS='-DHAVE_CONFIG_H'
DEPDIR='.deps'
ECHO_C=''
ECHO_N='-n'
ECHO_T=''
EXEEXT=''
INSTALL_DATA='${INSTALL} -m 644'
INSTALL_PROGRAM='${INSTALL}'
INSTALL_SCRIPT='${INSTALL}'
INSTALL_STRIP_PROGRAM='$(install_sh) -c -s'
LDFLAGS=''
LIBOBJS=''
LIBS=''
LTLIBOBJS=''
MAKEINFO='makeinfo'
MKDIR_P='/bin/mkdir -p'
OBJEXT='o'
PACKAGE='gnuclad'
PACKAGE_BUGREPORT='donjan at dyx dot ch'
PACKAGE_NAME='gnuclad'
PACKAGE_STRING='gnuclad HEAD'
PACKAGE_TARNAME='gnuclad'
PACKAGE_URL=''
PACKAGE_VERSION='HEAD'
PATH_SEPARATOR=':'
SET_MAKE=''
SHELL='/bin/sh'
STRIP=''
VERSION='HEAD'
ac_ct_CC='gcc'
ac_ct_CXX='g++'
am__EXEEXT_FALSE=''
am__EXEEXT_TRUE='#'
am__fastdepCC_FALSE=''
am__fastdepCC_TRUE='#'
am__fastdepCXX_FALSE=''
am__fastdepCXX_TRUE='#'
am__include='include'
am__isrc=''
am__leading_dot='.'
am__quote=''
am__tar='${AMTAR} chof - "$$tardir"'
am__untar='${AMTAR} xf -'
bindir='${exec_prefix}/bin'
build_alias=''
datadir='${datarootdir}'
datarootdir='${prefix}/share'
docdir='${datarootdir}/doc/${PACKAGE_TARNAME}'
dvidir='${docdir}'
exec_prefix='${prefix}'
host_alias=''
htmldir='${docdir}'
includedir='${prefix}/include'
infodir='${datarootdir}/info'
install_sh='${SHELL} /home/cs/install-sh'
libdir='${exec_prefix}/lib'
libexecdir='${exec_prefix}/libexec'
localedir='${datarootdir}/locale'
localstatedir='${prefix}/var'
mandir='${datarootdir}/man'
mkdir_p='/bin/mkdir -p'
oldincludedir='/usr/include'
pdfdir='${docdir}'
prefix='/usr/local'
program_transform_name='s,x,x,'
psdir='${docdir}'
sbindir='${exec_prefix}/sbin'
sharedstatedir='${prefix}/com'
sysconfdir='${prefix}/etc'
target_alias=''

## ----------- ##
## confdefs.h. ##
## ----------- ##

/* confdefs.h */
#define PACKAGE_NAME "gnuclad"
#define PACKAGE_TARNAME "gnuclad"
#define PACKAGE_VERSION "HEAD"
#define PACKAGE_STRING "gnuclad HEAD"
#define PACKAGE_BUGREPORT "donjan at dyx dot ch"
#define PACKAGE_URL ""
#define PACKAGE "gnuclad"
#define VERSION "HEAD"

configure: exit 0

## ---------------------- ##
## Running config.status. ##
## ---------------------- ##

This file was extended by gnuclad config.status HEAD, which was
generated by GNU Autoconf 2.68.  Invocation command line was

  CONFIG_FILES    = 
  CONFIG_HEADERS  = 
  CONFIG_LINKS    = 
  CONFIG_COMMANDS = 
  $ ./config.status 

on endurance

config.status:854: creating Makefile
config.status:854: creating src/Makefile
config.status:854: creating doc/src/Makefile
config.status:854: creating config.h
config.status:1035: config.h is unchanged
config.status:1083: executing depfiles commands

## ---------------------- ##
## Running config.status. ##
## ---------------------- ##

This file was extended by gnuclad config.status HEAD, which was
generated by GNU Autoconf 2.68.  Invocation command line was

  CONFIG_FILES    = 
  CONFIG_HEADERS  = 
  CONFIG_LINKS    = 
  CONFIG_COMMANDS = 
  $ ./config.status config.h

on endurance

config.status:854: creating config.h
config.status:1035: config.h is unchanged
